Initializing Compendium Cache...
Fetched 37 packs.
Processing pack world.encounter-tables with 1 items
Processing pack shadowdark.ancestries with 7 items
Processing pack shadowdark.backgrounds with 60 items
Cached: Compendium.shadowdark.backgrounds.Background.6mOOO14scyeP9RHY -> Amnesiac
Processing pack shadowdark.class-abilities with 22 items
Processing pack shadowdark.classes with 16 items
Processing pack shadowdark.conditions with 43 items
Cached: Compendium.shadowdark.conditions.Effect.Grd46xo0lgHLtfVe -> Condition: Blind
Processing pack shadowdark.documentation with 1 items
Processing pack shadowdark.gear with 68 items
Cached: Compendium.shadowdark.gear.Weapon.brIFMH0sOVmqX02N -> Spear
Processing pack shadowdark.languages with 14 items
Processing pack shadowdark.macros with 17 items
Cached: Compendium.shadowdark.macros.Item.7uF6dXPvaJNKZAM6 -> Draw Rumor
Processing pack shadowdark.magic-items with 31 items
Processing pack shadowdark.monsters with 244 items
Cached: Compendium.shadowdark.monsters.NPC.Jn5JjEPCUT86txAg -> Grick
Cached: Compendium.shadowdark.monsters.NPC.PAb9czULqynbNnKj -> Hell Hound
Cached: Compendium.shadowdark.monsters.NPC.VRZ60vAEV5ltvs6k -> Viperian, Ophid
Cached: Compendium.shadowdark.monsters.NPC.dNSmJX2keI0T2Gig -> Leprechaun
Processing pack shadowdark.patrons-and-deities with 18 items
Processing pack shadowdark.properties with 18 items
Processing pack shadowdark.quickstart-adventures with 1 items
Processing pack shadowdark.quickstart-guides with 2 items
Processing pack shadowdark.quickstart-pregens with 8 items
Processing pack shadowdark.rollable-tables with 67 items
Cached: Compendium.shadowdark.rollable-tables.Item.mi0QYvreMf9j512E -> Patron Boons: Titania
Processing pack shadowdark.solodark-journals with 1 items
Processing pack shadowdark.spell-effects with 83 items
Cached: Compendium.shadowdark.spell-effects.Effect.88nOOPKvH7t6mhVu -> Spell Effect: Oak, Ash, Thorn
Cached: Compendium.shadowdark.spell-effects.Effect.zjm48oHhbVG4XeoB -> Spell Effect: Pin Doll
Processing pack shadowdark.spells with 156 items
Cached: Compendium.shadowdark.spells.Spell.B091clRxdPW3SQ4G -> Resilient Sphere
Cached: Compendium.shadowdark.spells.Spell.uQT1o2UAJ9KbVrsv -> Valkyrie
Processing pack shadowdark.talents with 129 items
Cached: Compendium.shadowdark.talents.Talent.IZZnFjWhZurAIZPP -> Spellcasting Advantage
Cached: Compendium.shadowdark.talents.Talent.qmK8gzmaAcowPP4f -> Hide from Creature
Processing pack fxmaster.fxmaster with 3 items
Processing pack michaelghelfi.playlists with 2 items
Processing pack monks-active-tiles.active-tile-macros with 11 items
Processing pack moulinette-soundboards.soundboards-macros with 3 items
Processing pack psfx.psfx-macros with 24 items
Processing pack shadowdark-community-content.monsters with 250 items
Cached: Compendium.shadowdark-community-content.monsters.NPC.NkIFbWEBO8TLWlcW -> Chaos Beast
Processing pack shadowdark-community-content.adventures with 9 items
Processing pack shadowdark-community-content.items with 6 items
Processing pack shadowdark-community-content.journals with 3 items
Processing pack shadowdark-community-content.macros with 10 items
Processing pack shadowdark-community-content.maps with 19 items
Processing pack shadowdark-community-content.roll-tables with 1 items
Processing pack shared-audio.fx with 1 items
Processing pack shared-audio.music with 2 items
Processing pack tabletop-rpg-music.tabletop-rpg-music with 52 items
Compendium Cache initialized with 1403 items.
Resolving UUIDs for actor Zaldini the Red
Resolving ancestry: Compendium.shadowdark.ancestries.Item.QG1lAZeLfBtXR6zh -> undefined
Resolving background: Compendium.shadowdark.backgrounds.Item.eRi9oX0cqwQwV7tk -> undefined
Resolving class: Compendium.shadowdark.classes.Item.035nuVkU9q2wtMPs -> undefined
Resolving deity: Compendium.shadowdark.patrons-and-deities.Item.6qeBzYJUTgrMhUcW -> undefined
Resolving languages: Compendium.shadowdark.languages.Item.DQzHvoMWSZ0eiRWP -> undefined
Resolving languages: Compendium.shadowdark.languages.Item.b5yBrLaRIl7ZEWKu -> undefined
Resolving languages: Compendium.shadowdark.languages.Item.GVbmj6D47b9lbOHz -> undefined
Resolving languages: Compendium.shadowdark.languages.Item.NN9wFGgwk49oOQeN -> undefined
Resolving languages: Compendium.shadowdark.languages.Item.1iECxGKqGpV3k6VZ -> undefined
Resolving languages: Compendium.shadowdark.languages.Item.FQcnF3JQRw9wL7PN -> undefined
Resolving properties: Compendium.shadowdark.properties.Item.rqQwpoeWEqi0ZcYK -> undefined
Resolving properties: Compendium.shadowdark.properties.Item.c35ROL1nXwC840kC -> undefined
Resolving class: Compendium.shadowdark.classes.Item.035nuVkU9q2wtMPs -> undefined
Resolving class: Compendium.shadowdark.classes.Item.035nuVkU9q2wtMPs -> undefined
Resolving class: Compendium.shadowdark.classes.Item.035nuVkU9q2wtMPs -> undefined
Initializing Compendium Cache...
Fetched 37 packs.
Processing pack world.encounter-tables with 1 items
Processing pack shadowdark.ancestries with 7 items
Processing pack shadowdark.backgrounds with 60 items
Processing pack shadowdark.class-abilities with 22 items
Cached: Compendium.shadowdark.class-abilities.Class Ability.Ussun0GbRMiJZ8vP -> Curative
Processing pack shadowdark.classes with 16 items
Processing pack shadowdark.conditions with 43 items
Processing pack shadowdark.documentation with 1 items
Processing pack shadowdark.gear with 68 items
Processing pack shadowdark.languages with 14 items
Processing pack shadowdark.macros with 17 items
Processing pack shadowdark.magic-items with 31 items
Processing pack shadowdark.monsters with 244 items
Cached: Compendium.shadowdark.monsters.NPC.CsQXDNmBDfao8hij -> Harpy
Cached: Compendium.shadowdark.monsters.NPC.t3Wr5E8hsOs1xtfK -> Salamander
Processing pack shadowdark.patrons-and-deities with 18 items
Processing pack shadowdark.properties with 18 items
Processing pack shadowdark.quickstart-adventures with 1 items
Processing pack shadowdark.quickstart-guides with 2 items
Processing pack shadowdark.quickstart-pregens with 8 items
Processing pack shadowdark.rollable-tables with 67 items
Cached: Compendium.shadowdark.rollable-tables.Item.tXhX6Iv3rOc6GlF6 -> Wizard Mishap Tier 3-4
Processing pack shadowdark.solodark-journals with 1 items
Processing pack shadowdark.spell-effects with 83 items
Cached: Compendium.shadowdark.spell-effects.Effect.3vCyl2kqfz31N1yP -> Spell Effect: Wolfshape (Dire Wolf)
Cached: Compendium.shadowdark.spell-effects.Effect.HxMd3lV8CPpvL3my -> Spell Effect: Protection from Energy (Electricity)
Processing pack shadowdark.spells with 156 items
Cached: Compendium.shadowdark.spells.Spell.7uTblEDfklCO1et7 -> Lightning Bolt
Cached: Compendium.shadowdark.spells.Spell.GzUzNLgHDaSfLqT4 -> Prophecy
Processing pack shadowdark.talents with 129 items
Cached: Compendium.shadowdark.talents.Talent.8SXPsiWvG2UcXGgW -> +1 to Constitution
Cached: Compendium.shadowdark.talents.Talent.DYWFJu5XeazJYc0P -> Ambitious
Processing pack fxmaster.fxmaster with 3 items
Processing pack michaelghelfi.playlists with 2 items
Processing pack monks-active-tiles.active-tile-macros with 11 items
Processing pack moulinette-soundboards.soundboards-macros with 3 items
Processing pack psfx.psfx-macros with 24 items
Processing pack shadowdark-community-content.monsters with 250 items
Cached: Compendium.shadowdark-community-content.monsters.NPC.pRYyxHDdycLZ7ueo -> Gauntlings
Cached: Compendium.shadowdark-community-content.monsters.NPC.xGD5pFqhpAxAxPUT -> Skeleton Warrior
Processing pack shadowdark-community-content.adventures with 9 items
Processing pack shadowdark-community-content.items with 6 items
Processing pack shadowdark-community-content.journals with 3 items
Processing pack shadowdark-community-content.macros with 10 items
Processing pack shadowdark-community-content.maps with 19 items
Processing pack shadowdark-community-content.roll-tables with 1 items
Processing pack shared-audio.fx with 1 items
Processing pack shared-audio.music with 2 items
Processing pack tabletop-rpg-music.tabletop-rpg-music with 52 items
Cached: Compendium.tabletop-rpg-music.tabletop-rpg-music.Item.U8NcFfBaNeekh5mP -> Suspense - Investigation
Cached: Compendium.tabletop-rpg-music.tabletop-rpg-music.Item.t7lml0fbTXDRQBUx -> Suspense - Gothic
Compendium Cache initialized with 1403 items.
Resolving UUIDs for actor Zaldini the Red
Resolving ancestry: Compendium.shadowdark.ancestries.Item.QG1lAZeLfBtXR6zh -> undefined
Resolving background: Compendium.shadowdark.backgrounds.Item.eRi9oX0cqwQwV7tk -> undefined
Resolving class: Compendium.shadowdark.classes.Item.035nuVkU9q2wtMPs -> undefined
Resolving deity: Compendium.shadowdark.patrons-and-deities.Item.6qeBzYJUTgrMhUcW -> undefined
Resolving languages: Compendium.shadowdark.languages.Item.DQzHvoMWSZ0eiRWP -> undefined
Resolving languages: Compendium.shadowdark.languages.Item.b5yBrLaRIl7ZEWKu -> undefined
Resolving languages: Compendium.shadowdark.languages.Item.GVbmj6D47b9lbOHz -> undefined
Resolving languages: Compendium.shadowdark.languages.Item.NN9wFGgwk49oOQeN -> undefined
Resolving languages: Compendium.shadowdark.languages.Item.1iECxGKqGpV3k6VZ -> undefined
Resolving languages: Compendium.shadowdark.languages.Item.FQcnF3JQRw9wL7PN -> undefined
Resolving properties: Compendium.shadowdark.properties.Item.rqQwpoeWEqi0ZcYK -> undefined
Resolving properties: Compendium.shadowdark.properties.Item.c35ROL1nXwC840kC -> undefined
Resolving class: Compendium.shadowdark.classes.Item.035nuVkU9q2wtMPs -> undefined
Resolving class: Compendium.shadowdark.classes.Item.035nuVkU9q2wtMPs -> undefined
Resolving class: Compendium.shadowdark.classes.Item.035nuVkU9q2wtMPs -> undefined
Resolving UUIDs for actor Zaldini the Red
Resolving ancestry: Compendium.shadowdark.ancestries.Item.QG1lAZeLfBtXR6zh -> undefined
Resolving background: Compendium.shadowdark.backgrounds.Item.eRi9oX0cqwQwV7tk -> undefined
Resolving class: Compendium.shadowdark.classes.Item.035nuVkU9q2wtMPs -> undefined
Resolving deity: Compendium.shadowdark.patrons-and-deities.Item.6qeBzYJUTgrMhUcW -> undefined
Resolving languages: Compendium.shadowdark.languages.Item.DQzHvoMWSZ0eiRWP -> undefined
Resolving languages: Compendium.shadowdark.languages.Item.b5yBrLaRIl7ZEWKu -> undefined
Resolving languages: Compendium.shadowdark.languages.Item.GVbmj6D47b9lbOHz -> undefined
Resolving languages: Compendium.shadowdark.languages.Item.NN9wFGgwk49oOQeN -> undefined
Resolving languages: Compendium.shadowdark.languages.Item.1iECxGKqGpV3k6VZ -> undefined
Resolving languages: Compendium.shadowdark.languages.Item.FQcnF3JQRw9wL7PN -> undefined
Resolving properties: Compendium.shadowdark.properties.Item.rqQwpoeWEqi0ZcYK -> undefined
Resolving properties: Compendium.shadowdark.properties.Item.c35ROL1nXwC840kC -> undefined
Resolving class: Compendium.shadowdark.classes.Item.035nuVkU9q2wtMPs -> undefined
Resolving class: Compendium.shadowdark.classes.Item.035nuVkU9q2wtMPs -> undefined
Resolving class: Compendium.shadowdark.classes.Item.035nuVkU9q2wtMPs -> undefined
Resolving UUIDs for actor Zaldini the Red
Resolving ancestry: Compendium.shadowdark.ancestries.Item.QG1lAZeLfBtXR6zh -> undefined
Resolving background: Compendium.shadowdark.backgrounds.Item.eRi9oX0cqwQwV7tk -> undefined
Resolving class: Compendium.shadowdark.classes.Item.035nuVkU9q2wtMPs -> undefined
Resolving deity: Compendium.shadowdark.patrons-and-deities.Item.6qeBzYJUTgrMhUcW -> undefined
Resolving languages: Compendium.shadowdark.languages.Item.DQzHvoMWSZ0eiRWP -> undefined
Resolving languages: Compendium.shadowdark.languages.Item.b5yBrLaRIl7ZEWKu -> undefined
Resolving languages: Compendium.shadowdark.languages.Item.GVbmj6D47b9lbOHz -> undefined
Resolving languages: Compendium.shadowdark.languages.Item.NN9wFGgwk49oOQeN -> undefined
Resolving languages: Compendium.shadowdark.languages.Item.1iECxGKqGpV3k6VZ -> undefined
Resolving languages: Compendium.shadowdark.languages.Item.FQcnF3JQRw9wL7PN -> undefined
Resolving properties: Compendium.shadowdark.properties.Item.rqQwpoeWEqi0ZcYK -> undefined
Resolving properties: Compendium.shadowdark.properties.Item.c35ROL1nXwC840kC -> undefined
Resolving class: Compendium.shadowdark.classes.Item.035nuVkU9q2wtMPs -> undefined
Resolving class: Compendium.shadowdark.classes.Item.035nuVkU9q2wtMPs -> undefined
Resolving class: Compendium.shadowdark.classes.Item.035nuVkU9q2wtMPs -> undefined
Resolving UUIDs for actor Zaldini the Red
Resolving ancestry: Compendium.shadowdark.ancestries.Item.QG1lAZeLfBtXR6zh -> undefined
Resolving background: Compendium.shadowdark.backgrounds.Item.eRi9oX0cqwQwV7tk -> undefined
Resolving class: Compendium.shadowdark.classes.Item.035nuVkU9q2wtMPs -> undefined
Resolving deity: Compendium.shadowdark.patrons-and-deities.Item.6qeBzYJUTgrMhUcW -> undefined
Resolving languages: Compendium.shadowdark.languages.Item.DQzHvoMWSZ0eiRWP -> undefined
Resolving languages: Compendium.shadowdark.languages.Item.b5yBrLaRIl7ZEWKu -> undefined
Resolving languages: Compendium.shadowdark.languages.Item.GVbmj6D47b9lbOHz -> undefined
Resolving languages: Compendium.shadowdark.languages.Item.NN9wFGgwk49oOQeN -> undefined
Resolving languages: Compendium.shadowdark.languages.Item.1iECxGKqGpV3k6VZ -> undefined
Resolving languages: Compendium.shadowdark.languages.Item.FQcnF3JQRw9wL7PN -> undefined
Resolving properties: Compendium.shadowdark.properties.Item.rqQwpoeWEqi0ZcYK -> undefined
Resolving properties: Compendium.shadowdark.properties.Item.c35ROL1nXwC840kC -> undefined
Resolving class: Compendium.shadowdark.classes.Item.035nuVkU9q2wtMPs -> undefined
Resolving class: Compendium.shadowdark.classes.Item.035nuVkU9q2wtMPs -> undefined
Resolving class: Compendium.shadowdark.classes.Item.035nuVkU9q2wtMPs -> undefined
Resolving UUIDs for actor Zaldini the Red
Resolving ancestry: Compendium.shadowdark.ancestries.Item.QG1lAZeLfBtXR6zh -> undefined
Resolving background: Compendium.shadowdark.backgrounds.Item.eRi9oX0cqwQwV7tk -> undefined
Resolving class: Compendium.shadowdark.classes.Item.035nuVkU9q2wtMPs -> undefined
Resolving deity: Compendium.shadowdark.patrons-and-deities.Item.6qeBzYJUTgrMhUcW -> undefined
Resolving languages: Compendium.shadowdark.languages.Item.DQzHvoMWSZ0eiRWP -> undefined
Resolving languages: Compendium.shadowdark.languages.Item.b5yBrLaRIl7ZEWKu -> undefined
Resolving languages: Compendium.shadowdark.languages.Item.GVbmj6D47b9lbOHz -> undefined
Resolving languages: Compendium.shadowdark.languages.Item.NN9wFGgwk49oOQeN -> undefined
Resolving languages: Compendium.shadowdark.languages.Item.1iECxGKqGpV3k6VZ -> undefined
Resolving languages: Compendium.shadowdark.languages.Item.FQcnF3JQRw9wL7PN -> undefined
Resolving properties: Compendium.shadowdark.properties.Item.rqQwpoeWEqi0ZcYK -> undefined
Resolving properties: Compendium.shadowdark.properties.Item.c35ROL1nXwC840kC -> undefined
Resolving class: Compendium.shadowdark.classes.Item.035nuVkU9q2wtMPs -> undefined
Resolving class: Compendium.shadowdark.classes.Item.035nuVkU9q2wtMPs -> undefined
Resolving class: Compendium.shadowdark.classes.Item.035nuVkU9q2wtMPs -> undefined
Resolving UUIDs for actor Zaldini the Red
Resolving ancestry: Compendium.shadowdark.ancestries.Item.QG1lAZeLfBtXR6zh -> undefined
Resolving background: Compendium.shadowdark.backgrounds.Item.eRi9oX0cqwQwV7tk -> undefined
Resolving class: Compendium.shadowdark.classes.Item.035nuVkU9q2wtMPs -> undefined
Resolving deity: Compendium.shadowdark.patrons-and-deities.Item.6qeBzYJUTgrMhUcW -> undefined
Resolving languages: Compendium.shadowdark.languages.Item.DQzHvoMWSZ0eiRWP -> undefined
Resolving languages: Compendium.shadowdark.languages.Item.b5yBrLaRIl7ZEWKu -> undefined
Resolving languages: Compendium.shadowdark.languages.Item.GVbmj6D47b9lbOHz -> undefined
Resolving languages: Compendium.shadowdark.languages.Item.NN9wFGgwk49oOQeN -> undefined
Resolving languages: Compendium.shadowdark.languages.Item.1iECxGKqGpV3k6VZ -> undefined
Resolving languages: Compendium.shadowdark.languages.Item.FQcnF3JQRw9wL7PN -> undefined
Resolving properties: Compendium.shadowdark.properties.Item.rqQwpoeWEqi0ZcYK -> undefined
Resolving properties: Compendium.shadowdark.properties.Item.c35ROL1nXwC840kC -> undefined
Resolving class: Compendium.shadowdark.classes.Item.035nuVkU9q2wtMPs -> undefined
Resolving class: Compendium.shadowdark.classes.Item.035nuVkU9q2wtMPs -> undefined
Resolving class: Compendium.shadowdark.classes.Item.035nuVkU9q2wtMPs -> undefined
Initializing Compendium Cache...
Fetched 37 packs.
Processing pack world.encounter-tables with 1 items
Processing pack shadowdark.ancestries with 7 items
Processing pack shadowdark.backgrounds with 60 items
Processing pack shadowdark.class-abilities with 22 items
Processing pack shadowdark.classes with 16 items
Processing pack shadowdark.conditions with 43 items
Cached: Compendium.shadowdark.conditions.Item.fkb9HwrPEq9mlZbb -> Condition: Enfeebled (Con)
Processing pack shadowdark.documentation with 1 items
Processing pack shadowdark.gear with 68 items
Processing pack shadowdark.languages with 14 items
Processing pack shadowdark.macros with 17 items
Processing pack shadowdark.magic-items with 31 items
Cached: Compendium.shadowdark.magic-items.Item.ZypO4jCOurSK2aOB -> Brak's Cube of Perfection
Processing pack shadowdark.monsters with 244 items
Processing pack shadowdark.patrons-and-deities with 18 items
Processing pack shadowdark.properties with 18 items
Processing pack shadowdark.quickstart-adventures with 1 items
Processing pack shadowdark.quickstart-guides with 2 items
Processing pack shadowdark.quickstart-pregens with 8 items
Processing pack shadowdark.rollable-tables with 67 items
Cached: Compendium.shadowdark.rollable-tables.RollTable.dExHo4P85MgpwHd9 -> Class Talents: Fighter
Processing pack shadowdark.solodark-journals with 1 items
Processing pack shadowdark.spell-effects with 83 items
Cached: Compendium.shadowdark.spell-effects.Item.S56vv5Gz3Pcy4DxZ -> Spell Effect: Locusts
Cached: Compendium.shadowdark.spell-effects.Item.ZLO5oq3gTJ762o3F -> Spell Effect: Chant
Cached: Compendium.shadowdark.spell-effects.Item.vApjjHkL9nghvbQT -> Spell Effect: Anathema
Processing pack shadowdark.spells with 156 items
Cached: Compendium.shadowdark.spells.Item.H1FzDvXkyv1rScmR -> Magic Circle
Cached: Compendium.shadowdark.spells.Item.JuO97AW78TLywZKW -> Puppet
Processing pack shadowdark.talents with 129 items
Cached: Compendium.shadowdark.talents.Item.7XtnCM9VdxVmh6D3 -> Spellcasting (Witch)
Cached: Compendium.shadowdark.talents.Item.fXOG1tWCuBTQdgEl -> Mount
Processing pack fxmaster.fxmaster with 3 items
Processing pack michaelghelfi.playlists with 2 items
Processing pack monks-active-tiles.active-tile-macros with 11 items
Processing pack moulinette-soundboards.soundboards-macros with 3 items
Processing pack psfx.psfx-macros with 24 items
Processing pack shadowdark-community-content.monsters with 250 items
Cached: Compendium.shadowdark-community-content.monsters.Actor.4sw6pFglkyrQQjmV -> Ythaiza
Cached: Compendium.shadowdark-community-content.monsters.Actor.DXJ9Q02DubO748y9 -> Chain Devil
Cached: Compendium.shadowdark-community-content.monsters.Actor.FZaezup7dciVFdwT -> Skull-taker Owl
Cached: Compendium.shadowdark-community-content.monsters.Actor.VqCLaL4wKPdSypbS -> Eye-fang
Cached: Compendium.shadowdark-community-content.monsters.Actor.huueSUBjfGzxUIBd -> Blood Vine
Processing pack shadowdark-community-content.adventures with 9 items
Processing pack shadowdark-community-content.items with 6 items
Processing pack shadowdark-community-content.journals with 3 items
Processing pack shadowdark-community-content.macros with 10 items
Processing pack shadowdark-community-content.maps with 19 items
Processing pack shadowdark-community-content.roll-tables with 1 items
Processing pack shared-audio.fx with 1 items
Processing pack shared-audio.music with 2 items
Processing pack tabletop-rpg-music.tabletop-rpg-music with 52 items
Compendium Cache initialized with 1403 items.
Resolving UUIDs for actor Zaldini the Red
Resolving ancestry: Compendium.shadowdark.ancestries.Item.QG1lAZeLfBtXR6zh -> Goblin
Resolving background: Compendium.shadowdark.backgrounds.Item.eRi9oX0cqwQwV7tk -> Wanted
Resolving class: Compendium.shadowdark.classes.Item.035nuVkU9q2wtMPs -> Wizard
Resolving deity: Compendium.shadowdark.patrons-and-deities.Item.6qeBzYJUTgrMhUcW -> Ramlaat
Resolving languages: Compendium.shadowdark.languages.Item.DQzHvoMWSZ0eiRWP -> Common
Resolving languages: Compendium.shadowdark.languages.Item.b5yBrLaRIl7ZEWKu -> Diabolic
Resolving languages: Compendium.shadowdark.languages.Item.GVbmj6D47b9lbOHz -> Draconic
Resolving languages: Compendium.shadowdark.languages.Item.NN9wFGgwk49oOQeN -> Goblin
Resolving languages: Compendium.shadowdark.languages.Item.1iECxGKqGpV3k6VZ -> Orcish
Resolving languages: Compendium.shadowdark.languages.Item.FQcnF3JQRw9wL7PN -> Thanian
Resolving properties: Compendium.shadowdark.properties.Item.rqQwpoeWEqi0ZcYK -> Finesse
Resolving properties: Compendium.shadowdark.properties.Item.c35ROL1nXwC840kC -> Thrown
Resolving class: Compendium.shadowdark.classes.Item.035nuVkU9q2wtMPs -> Wizard
Resolving class: Compendium.shadowdark.classes.Item.035nuVkU9q2wtMPs -> Wizard
Resolving class: Compendium.shadowdark.classes.Item.035nuVkU9q2wtMPs -> Wizard
Initializing Compendium Cache...
Fetched 37 packs.
Processing pack world.encounter-tables with 1 items
Processing pack shadowdark.ancestries with 7 items
Processing pack shadowdark.backgrounds with 60 items
Cached: Compendium.shadowdark.backgrounds.Item.1CgMEWzO7oYmtAJI -> Forager
Cached: Compendium.shadowdark.backgrounds.Item.2bf6cUSTzdI7CMHE -> Jeweler
Cached: Compendium.shadowdark.backgrounds.Item.FZnDY1pVzHEIQt0A -> Fisher
Cached: Compendium.shadowdark.backgrounds.Item.UNZMpUhRPHKQSz9T -> Demonborn
Processing pack shadowdark.class-abilities with 22 items
Processing pack shadowdark.classes with 16 items
Processing pack shadowdark.conditions with 43 items
Cached: Compendium.shadowdark.conditions.Item.pkvfOgSt7c86e1dw -> Condition: Life Drain (4)
Processing pack shadowdark.documentation with 1 items
Processing pack shadowdark.gear with 68 items
Cached: Compendium.shadowdark.gear.Item.6ZRwVHFlh5QiyZWC -> Rope, 60'
Processing pack shadowdark.languages with 14 items
Processing pack shadowdark.macros with 17 items
Processing pack shadowdark.magic-items with 31 items
Processing pack shadowdark.monsters with 244 items
Cached: Compendium.shadowdark.monsters.Actor.IDgaXGnSleQcfAwm -> Golem, Flesh
Cached: Compendium.shadowdark.monsters.Actor.pB9F8QWYdWzfZMzs -> Primordial Slime
Processing pack shadowdark.patrons-and-deities with 18 items
Processing pack shadowdark.properties with 18 items
Cached: Compendium.shadowdark.properties.Item.jq0m0lGb7QOCSJXL -> Occupies One Hand
Processing pack shadowdark.quickstart-adventures with 1 items
Processing pack shadowdark.quickstart-guides with 2 items
Cached: Compendium.shadowdark.quickstart-guides.JournalEntry.I5d5ltGw4F3g15uG -> Player Quickstart Guide
Processing pack shadowdark.quickstart-pregens with 8 items
Processing pack shadowdark.rollable-tables with 67 items
Cached: Compendium.shadowdark.rollable-tables.RollTable.MlSMyJcXaJWuZ56O -> Rumors
Processing pack shadowdark.solodark-journals with 1 items
Processing pack shadowdark.spell-effects with 83 items
Cached: Compendium.shadowdark.spell-effects.Item.cC4hF54uctVhvvCo -> Spell Effect: Wolfshape (Winter Wolf)
Cached: Compendium.shadowdark.spell-effects.Item.vP9UrCnOXOe2ViZU -> Spell Effect: Cloak of Night (Critical)
Processing pack shadowdark.spells with 156 items
Cached: Compendium.shadowdark.spells.Item.aAtNTK2HLJ77HB3z -> Augury
Processing pack shadowdark.talents with 129 items
Cached: Compendium.shadowdark.talents.Item.Ahy2OiGL4B51Y4vQ -> Morale Checks at DC 18
Cached: Compendium.shadowdark.talents.Item.Qu0KqU3KzzRS1oer -> Spellcasting (Seer)
Processing pack fxmaster.fxmaster with 3 items
Cached: Compendium.fxmaster.fxmaster.Macro.ftoNC6DqcQGQOAOp -> Switch Weather
Processing pack michaelghelfi.playlists with 2 items
Processing pack monks-active-tiles.active-tile-macros with 11 items
Processing pack moulinette-soundboards.soundboards-macros with 3 items
Processing pack psfx.psfx-macros with 24 items
Processing pack shadowdark-community-content.monsters with 250 items
Cached: Compendium.shadowdark-community-content.monsters.Actor.C5AQpyO5dOD7GZCY -> Scarlet Death Adder
Cached: Compendium.shadowdark-community-content.monsters.Actor.crxyiI6YL6jk2TyE -> Screamer
Cached: Compendium.shadowdark-community-content.monsters.Actor.p1KchDMYk23UJ0Ri -> Tooth Fairy
Processing pack shadowdark-community-content.adventures with 9 items
Processing pack shadowdark-community-content.items with 6 items
Processing pack shadowdark-community-content.journals with 3 items
Processing pack shadowdark-community-content.macros with 10 items
Processing pack shadowdark-community-content.maps with 19 items
Processing pack shadowdark-community-content.roll-tables with 1 items
Processing pack shared-audio.fx with 1 items
Processing pack shared-audio.music with 2 items
Processing pack tabletop-rpg-music.tabletop-rpg-music with 52 items
Compendium Cache initialized with 1403 items.
Resolving UUIDs for actor Zaldini the Red
Resolving ancestry: Compendium.shadowdark.ancestries.Item.QG1lAZeLfBtXR6zh -> Goblin
Resolving background: Compendium.shadowdark.backgrounds.Item.eRi9oX0cqwQwV7tk -> Wanted
Resolving class: Compendium.shadowdark.classes.Item.035nuVkU9q2wtMPs -> Wizard
Resolving deity: Compendium.shadowdark.patrons-and-deities.Item.6qeBzYJUTgrMhUcW -> Ramlaat
Resolving languages: Compendium.shadowdark.languages.Item.DQzHvoMWSZ0eiRWP -> Common
Resolving languages: Compendium.shadowdark.languages.Item.b5yBrLaRIl7ZEWKu -> Diabolic
Resolving languages: Compendium.shadowdark.languages.Item.GVbmj6D47b9lbOHz -> Draconic
Resolving languages: Compendium.shadowdark.languages.Item.NN9wFGgwk49oOQeN -> Goblin
Resolving languages: Compendium.shadowdark.languages.Item.1iECxGKqGpV3k6VZ -> Orcish
Resolving languages: Compendium.shadowdark.languages.Item.FQcnF3JQRw9wL7PN -> Thanian
Resolving properties: Compendium.shadowdark.properties.Item.rqQwpoeWEqi0ZcYK -> Finesse
Resolving properties: Compendium.shadowdark.properties.Item.c35ROL1nXwC840kC -> Thrown
Resolving class: Compendium.shadowdark.classes.Item.035nuVkU9q2wtMPs -> Wizard
Resolving class: Compendium.shadowdark.classes.Item.035nuVkU9q2wtMPs -> Wizard
Resolving class: Compendium.shadowdark.classes.Item.035nuVkU9q2wtMPs -> Wizard
Resolving UUIDs for actor Zaldini the Red
Resolving ancestry: Compendium.shadowdark.ancestries.Item.QG1lAZeLfBtXR6zh -> Goblin
Resolving background: Compendium.shadowdark.backgrounds.Item.eRi9oX0cqwQwV7tk -> Wanted
Resolving class: Compendium.shadowdark.classes.Item.035nuVkU9q2wtMPs -> Wizard
Resolving deity: Compendium.shadowdark.patrons-and-deities.Item.6qeBzYJUTgrMhUcW -> Ramlaat
Resolving languages: Compendium.shadowdark.languages.Item.DQzHvoMWSZ0eiRWP -> Common
Resolving languages: Compendium.shadowdark.languages.Item.b5yBrLaRIl7ZEWKu -> Diabolic
Resolving languages: Compendium.shadowdark.languages.Item.GVbmj6D47b9lbOHz -> Draconic
Resolving languages: Compendium.shadowdark.languages.Item.NN9wFGgwk49oOQeN -> Goblin
Resolving languages: Compendium.shadowdark.languages.Item.1iECxGKqGpV3k6VZ -> Orcish
Resolving languages: Compendium.shadowdark.languages.Item.FQcnF3JQRw9wL7PN -> Thanian
Resolving properties: Compendium.shadowdark.properties.Item.rqQwpoeWEqi0ZcYK -> Finesse
Resolving properties: Compendium.shadowdark.properties.Item.c35ROL1nXwC840kC -> Thrown
Resolving class: Compendium.shadowdark.classes.Item.035nuVkU9q2wtMPs -> Wizard
Resolving class: Compendium.shadowdark.classes.Item.035nuVkU9q2wtMPs -> Wizard
Resolving class: Compendium.shadowdark.classes.Item.035nuVkU9q2wtMPs -> Wizard
